#
# A fatal error has been detected by the Java Runtime Environment:
#
#  EXCEPTION_ACCESS_VIOLATION (0xc0000005) at pc=0x69f8adf0, pid=4492, tid=6096
#
# JRE version: 7.0_05-b06
# Java VM: Java HotSpot(TM) Client VM (23.1-b03 mixed mode, sharing windows-x86 )
# Problematic frame:
# C  [atioglxx.dll+0xf5adf0]  atiPPHSN+0x189ec0
#
# Failed to write core dump. Minidumps are not enabled by default on client versions of Windows
#
# If you would like to submit a bug report, please visit:
#   http://bugreport.sun.com/bugreport/crash.jsp
# The crash happened outside the Java Virtual Machine in native code.
# See problematic frame for where to report the bug.
#

---------------  T H R E A D  ---------------

Current thread (0x014db000):  JavaThread "main" [_thread_in_native, id=6096, stack(0x01950000,0x019a0000)]

siginfo: ExceptionCode=0xc0000005, reading address 0x0bf2fffc

Registers:
EAX=0x0cf20020, EBX=0x01000000, ECX=0x00003ff8, EDX=0x00000000
ESP=0x0199f534, EBP=0x0199f53c, ESI=0x0bf2fffc, EDI=0x0bf3fffc
EIP=0x69f8adf0, EFLAGS=0x00010612

Top of Stack: (sp=0x0199f534)
0x0199f534:   053c1250 0bf20020 0199f570 69786842
0x0199f544:   0bf30020 0bf20020 01000000 06546f18
0x0199f554:   06509e10 053c1130 00002000 00000000
0x0199f564:   00000001 6a1c2830 6a0a51a0 0199f5b8
0x0199f574:   69786947 053c1250 06523238 00000800
0x0199f584:   00000001 00000000 00000032 00000000
0x0199f594:   0bf20020 00000000 06509e10 00002000
0x0199f5a4:   00000000 053c1130 00000000 00000000 

Instructions: (pc=0x69f8adf0)
0x69f8add0:   5f c9 c3 90 8d 74 31 fc 8d 7c 39 fc f7 c7 03 00
0x69f8ade0:   00 00 75 24 c1 e9 02 83 e2 03 83 f9 08 72 0d fd
0x69f8adf0:   f3 a5 fc ff 24 95 20 af f8 69 8b ff f7 d9 ff 24
0x69f8ae00:   8d d0 ae f8 69 8d 49 00 8b c7 ba 03 00 00 00 83 


Register to memory mapping:

EAX=0x0cf20020 is an unknown value
EBX=0x01000000 is an unknown value
ECX=0x00003ff8 is an unknown value
EDX=0x00000000 is an unknown value
ESP=0x0199f534 is pointing into the stack for thread: 0x014db000
EBP=0x0199f53c is pointing into the stack for thread: 0x014db000
ESI=0x0bf2fffc is an unknown value
EDI=0x0bf3fffc is an unknown value


Stack: [0x01950000,0x019a0000],  sp=0x0199f534,  free space=317k
Native frames: (J=compiled Java code, j=interpreted, Vv=VM code, C=native code)
C  [atioglxx.dll+0xf5adf0]  atiPPHSN+0x189ec0
C  [atioglxx.dll+0x756842]  DrvPresentBuffers+0x70c3c2
C  [atioglxx.dll+0x756947]  DrvPresentBuffers+0x70c4c7
C  [atioglxx.dll+0x6fa8d8]  DrvPresentBuffers+0x6b0458
C  [atioglxx.dll+0xb5020]  DrvPresentBuffers+0x6aba0
C  [atioglxx.dll+0x128a4e]  DrvPresentBuffers+0xde5ce
C  [lwjgl.dll+0xaaef]  Java_org_lwjgl_opengl_EXTDirectStateAccess_nglMultiTexImage1DEXT+0x4f
j  org.lwjgl.opengl.GL11.glTexImage2D(IIIIIIIILjava/nio/FloatBuffer;)V+76
J  main.MainTest.main([Ljava/lang/String;)V
V  [jvm.dll+0x12964a]
V  [jvm.dll+0x1d851e]
V  [jvm.dll+0x1296cd]
V  [jvm.dll+0xae244]
V  [jvm.dll+0xb85b7]
C  [javaw.exe+0x1fea]
C  [javaw.exe+0xa0eb]
C  [javaw.exe+0xa175]
C  [kernel32.dll+0x4ed6c]  BaseThreadInitThunk+0x12
C  [ntdll.dll+0x6377b]  RtlInitializeExceptionChain+0xef
C  [ntdll.dll+0x6374e]  RtlInitializeExceptionChain+0xc2

Java frames: (J=compiled Java code, j=interpreted, Vv=VM code)
j  org.lwjgl.opengl.GL11.nglTexImage2D(IIIIIIIILjava/nio/Buffer;IJ)V+0
j  org.lwjgl.opengl.GL11.glTexImage2D(IIIIIIIILjava/nio/FloatBuffer;)V+76
J  main.MainTest.main([Ljava/lang/String;)V
v  ~StubRoutines::call_stub

---------------  P R O C E S S  ---------------

Java Threads: ( => current thread )
  0x01a6e000 JavaThread "Service Thread" daemon [_thread_blocked, id=3644, stack(0x01460000,0x014b0000)]
  0x01a60800 JavaThread "C1 CompilerThread0" daemon [_thread_blocked, id=1516, stack(0x03f10000,0x03f60000)]
  0x01a5f000 JavaThread "Attach Listener" daemon [_thread_blocked, id=3140, stack(0x03cf0000,0x03d40000)]
  0x01a5bc00 JavaThread "Signal Dispatcher" daemon [_thread_blocked, id=2720, stack(0x03e60000,0x03eb0000)]
  0x01a4a400 JavaThread "Finalizer" daemon [_thread_blocked, id=4732, stack(0x03c80000,0x03cd0000)]
  0x01a45400 JavaThread "Reference Handler" daemon [_thread_blocked, id=4272, stack(0x03d60000,0x03db0000)]
=>0x014db000 JavaThread "main" [_thread_in_native, id=6096, stack(0x01950000,0x019a0000)]

Other Threads:
  0x01a43800 VMThread [stack: 0x03b80000,0x03bd0000] [id=5180]
  0x01a6fc00 WatcherThread [stack: 0x03db0000,0x03e00000] [id=5472]

VM state:not at safepoint (normal execution)

VM Mutex/Monitor currently owned by a thread: None

Heap
 def new generation   total 78656K, used 44996K [0x237f0000, 0x28d40000, 0x28d40000)
  eden space 69952K,  64% used [0x237f0000, 0x263e1148, 0x27c40000)
  from space 8704K,   0% used [0x27c40000, 0x27c40000, 0x284c0000)
  to   space 8704K,   0% used [0x284c0000, 0x284c0000, 0x28d40000)
 tenured generation   total 174784K, used 147980K [0x28d40000, 0x337f0000, 0x337f0000)
   the space 174784K,  84% used [0x28d40000, 0x31dc32c8, 0x31dc3400, 0x337f0000)
 compacting perm gen  total 12288K, used 1160K [0x337f0000, 0x343f0000, 0x377f0000)
   the space 12288K,   9% used [0x337f0000, 0x339123d8, 0x33912400, 0x343f0000)
    ro space 10240K,  42% used [0x377f0000, 0x37c2e580, 0x37c2e600, 0x381f0000)
    rw space 12288K,  54% used [0x381f0000, 0x3886f128, 0x3886f200, 0x38df0000)

Code Cache  [0x01aa0000, 0x01b98000, 0x03aa0000)
 total_blobs=350 nmethods=127 adapters=159 free_code_cache=31792Kb largest_free_block=32555392

Compilation events (10 events):
Event: 10.991 Thread 0x01a60800  113             java.nio.Bits::copyFromArray (70 bytes)
Event: 10.991 Thread 0x01a60800 nmethod 113 0x01b927c8 code [0x01b928d0, 0x01b92a9c]
Event: 10.996 Thread 0x01a60800  115             java.nio.Buffer::checkBounds (25 bytes)
Event: 10.996 Thread 0x01a60800 nmethod 115 0x01b92e08 code [0x01b92f10, 0x01b92ffc]
Event: 10.996 Thread 0x01a60800  116             java.nio.DirectFloatBufferU::put (154 bytes)
Event: 10.997 Thread 0x01a60800 nmethod 116 0x01b93088 code [0x01b931d0, 0x01b9347c]
Event: 10.997 Thread 0x01a60800  117             java.nio.DirectFloatBufferU::order (19 bytes)
Event: 10.997 Thread 0x01a60800 nmethod 117 0x01b93688 code [0x01b93780, 0x01b93800]
Event: 10.997 Thread 0x01a60800  118             java.nio.DirectFloatBufferU::ix (10 bytes)
Event: 10.997 Thread 0x01a60800 nmethod 118 0x01b93848 code [0x01b93940, 0x01b939d0]

GC Heap History (10 events):
Event: 9.013 GC heap before
{Heap before GC invocations=16 (full 10):
 def new generation   total 78656K, used 69952K [0x237f0000, 0x28d40000, 0x28d40000)
  eden space 69952K, 100% used [0x237f0000, 0x27c40000, 0x27c40000)
  from space 8704K,   0% used [0x27c40000, 0x27c40000, 0x284c0000)
  to   space 8704K,   0% used [0x284c0000, 0x284c0000, 0x28d40000)
 tenured generation   total 174784K, used 147980K [0x28d40000, 0x337f0000, 0x337f0000)
   the space 174784K,  84% used [0x28d40000, 0x31dc32b0, 0x31dc3400, 0x337f0000)
 compacting perm gen  total 12288K, used 1100K [0x337f0000, 0x343f0000, 0x377f0000)
   the space 12288K,   8% used [0x337f0000, 0x339032e0, 0x33903400, 0x343f0000)
    ro space 10240K,  42% used [0x377f0000, 0x37c2e580, 0x37c2e600, 0x381f0000)
    rw space 12288K,  54% used [0x381f0000, 0x3886f128, 0x3886f200, 0x38df0000)
Event: 9.266 GC heap after
Heap after GC invocations=17 (full 11):
 def new generation   total 78656K, used 0K [0x237f0000, 0x28d40000, 0x28d40000)
  eden space 69952K,   0% used [0x237f0000, 0x237f0000, 0x27c40000)
  from space 8704K,   0% used [0x27c40000, 0x27c40000, 0x284c0000)
  to   space 8704K,   0% used [0x284c0000, 0x284c0000, 0x28d40000)
 tenured generation   total 174784K, used 147980K [0x28d40000, 0x337f0000, 0x337f0000)
   the space 174784K,  84% used [0x28d40000, 0x31dc32c8, 0x31dc3400, 0x337f0000)
 compacting perm gen  total 12288K, used 1100K [0x337f0000, 0x343f0000, 0x377f0000)
   the space 12288K,   8% used [0x337f0000, 0x339032e0, 0x33903400, 0x343f0000)
    ro space 10240K,  42% used [0x377f0000, 0x37c2e580, 0x37c2e600, 0x381f0000)
    rw space 12288K,  54% used [0x381f0000, 0x3886f128, 0x3886f200, 0x38df0000)
}
Event: 9.412 GC heap before
{Heap before GC invocations=17 (full 11):
 def new generation   total 78656K, used 69952K [0x237f0000, 0x28d40000, 0x28d40000)
  eden space 69952K, 100% used [0x237f0000, 0x27c40000, 0x27c40000)
  from space 8704K,   0% used [0x27c40000, 0x27c40000, 0x284c0000)
  to   space 8704K,   0% used [0x284c0000, 0x284c0000, 0x28d40000)
 tenured generation   total 174784K, used 147980K [0x28d40000, 0x337f0000, 0x337f0000)
   the space 174784K,  84% used [0x28d40000, 0x31dc32c8, 0x31dc3400, 0x337f0000)
 compacting perm gen  total 12288K, used 1100K [0x337f0000, 0x343f0000, 0x377f0000)
   the space 12288K,   8% used [0x337f0000, 0x339032e0, 0x33903400, 0x343f0000)
    ro space 10240K,  42% used [0x377f0000, 0x37c2e580, 0x37c2e600, 0x381f0000)
    rw space 12288K,  54% used [0x381f0000, 0x3886f128, 0x3886f200, 0x38df0000)
Event: 9.672 GC heap after
Heap after GC invocations=18 (full 12):
 def new generation   total 78656K, used 0K [0x237f0000, 0x28d40000, 0x28d40000)
  eden space 69952K,   0% used [0x237f0000, 0x237f0000, 0x27c40000)
  from space 8704K,   0% used [0x27c40000, 0x27c40000, 0x284c0000)
  to   space 8704K,   0% used [0x284c0000, 0x284c0000, 0x28d40000)
 tenured generation   total 174784K, used 147980K [0x28d40000, 0x337f0000, 0x337f0000)
   the space 174784K,  84% used [0x28d40000, 0x31dc3298, 0x31dc3400, 0x337f0000)
 compacting perm gen  total 12288K, used 1100K [0x337f0000, 0x343f0000, 0x377f0000)
   the space 12288K,   8% used [0x337f0000, 0x339032e0, 0x33903400, 0x343f0000)
    ro space 10240K,  42% used [0x377f0000, 0x37c2e580, 0x37c2e600, 0x381f0000)
    rw space 12288K,  54% used [0x381f0000, 0x3886f128, 0x3886f200, 0x38df0000)
}
Event: 9.806 GC heap before
{Heap before GC invocations=18 (full 12):
 def new generation   total 78656K, used 69952K [0x237f0000, 0x28d40000, 0x28d40000)
  eden space 69952K, 100% used [0x237f0000, 0x27c40000, 0x27c40000)
  from space 8704K,   0% used [0x27c40000, 0x27c40000, 0x284c0000)
  to   space 8704K,   0% used [0x284c0000, 0x284c0000, 0x28d40000)
 tenured generation   total 174784K, used 147980K [0x28d40000, 0x337f0000, 0x337f0000)
   the space 174784K,  84% used [0x28d40000, 0x31dc3298, 0x31dc3400, 0x337f0000)
 compacting perm gen  total 12288K, used 1100K [0x337f0000, 0x343f0000, 0x377f0000)
   the space 12288K,   8% used [0x337f0000, 0x339032e0, 0x33903400, 0x343f0000)
    ro space 10240K,  42% used [0x377f0000, 0x37c2e580, 0x37c2e600, 0x381f0000)
    rw space 12288K,  54% used [0x381f0000, 0x3886f128, 0x3886f200, 0x38df0000)
Event: 10.059 GC heap after
Heap after GC invocations=19 (full 13):
 def new generation   total 78656K, used 0K [0x237f0000, 0x28d40000, 0x28d40000)
  eden space 69952K,   0% used [0x237f0000, 0x237f0000, 0x27c40000)
  from space 8704K,   0% used [0x27c40000, 0x27c40000, 0x284c0000)
  to   space 8704K,   0% used [0x284c0000, 0x284c0000, 0x28d40000)
 tenured generation   total 174784K, used 147980K [0x28d40000, 0x337f0000, 0x337f0000)
   the space 174784K,  84% used [0x28d40000, 0x31dc32b0, 0x31dc3400, 0x337f0000)
 compacting perm gen  total 12288K, used 1100K [0x337f0000, 0x343f0000, 0x377f0000)
   the space 12288K,   8% used [0x337f0000, 0x339032e0, 0x33903400, 0x343f0000)
    ro space 10240K,  42% used [0x377f0000, 0x37c2e580, 0x37c2e600, 0x381f0000)
    rw space 12288K,  54% used [0x381f0000, 0x3886f128, 0x3886f200, 0x38df0000)
}
Event: 10.191 GC heap before
{Heap before GC invocations=19 (full 13):
 def new generation   total 78656K, used 69952K [0x237f0000, 0x28d40000, 0x28d40000)
  eden space 69952K, 100% used [0x237f0000, 0x27c40000, 0x27c40000)
  from space 8704K,   0% used [0x27c40000, 0x27c40000, 0x284c0000)
  to   space 8704K,   0% used [0x284c0000, 0x284c0000, 0x28d40000)
 tenured generation   total 174784K, used 147980K [0x28d40000, 0x337f0000, 0x337f0000)
   the space 174784K,  84% used [0x28d40000, 0x31dc32b0, 0x31dc3400, 0x337f0000)
 compacting perm gen  total 12288K, used 1100K [0x337f0000, 0x343f0000, 0x377f0000)
   the space 12288K,   8% used [0x337f0000, 0x339032e0, 0x33903400, 0x343f0000)
    ro space 10240K,  42% used [0x377f0000, 0x37c2e580, 0x37c2e600, 0x381f0000)
    rw space 12288K,  54% used [0x381f0000, 0x3886f128, 0x3886f200, 0x38df0000)
Event: 10.452 GC heap after
Heap after GC invocations=20 (full 14):
 def new generation   total 78656K, used 0K [0x237f0000, 0x28d40000, 0x28d40000)
  eden space 69952K,   0% used [0x237f0000, 0x237f0000, 0x27c40000)
  from space 8704K,   0% used [0x27c40000, 0x27c40000, 0x284c0000)
  to   space 8704K,   0% used [0x284c0000, 0x284c0000, 0x28d40000)
 tenured generation   total 174784K, used 147980K [0x28d40000, 0x337f0000, 0x337f0000)
   the space 174784K,  84% used [0x28d40000, 0x31dc32b0, 0x31dc3400, 0x337f0000)
 compacting perm gen  total 12288K, used 1100K [0x337f0000, 0x343f0000, 0x377f0000)
   the space 12288K,   8% used [0x337f0000, 0x339032e0, 0x33903400, 0x343f0000)
    ro space 10240K,  42% used [0x377f0000, 0x37c2e580, 0x37c2e600, 0x381f0000)
    rw space 12288K,  54% used [0x381f0000, 0x3886f128, 0x3886f200, 0x38df0000)
}
Event: 10.590 GC heap before
{Heap before GC invocations=20 (full 14):
 def new generation   total 78656K, used 69952K [0x237f0000, 0x28d40000, 0x28d40000)
  eden space 69952K, 100% used [0x237f0000, 0x27c40000, 0x27c40000)
  from space 8704K,   0% used [0x27c40000, 0x27c40000, 0x284c0000)
  to   space 8704K,   0% used [0x284c0000, 0x284c0000, 0x28d40000)
 tenured generation   total 174784K, used 147980K [0x28d40000, 0x337f0000, 0x337f0000)
   the space 174784K,  84% used [0x28d40000, 0x31dc32b0, 0x31dc3400, 0x337f0000)
 compacting perm gen  total 12288K, used 1100K [0x337f0000, 0x343f0000, 0x377f0000)
   the space 12288K,   8% used [0x337f0000, 0x339032e0, 0x33903400, 0x343f0000)
    ro space 10240K,  42% used [0x377f0000, 0x37c2e580, 0x37c2e600, 0x381f0000)
    rw space 12288K,  54% used [0x381f0000, 0x3886f128, 0x3886f200, 0x38df0000)
Event: 10.853 GC heap after
Heap after GC invocations=21 (full 15):
 def new generation   total 78656K, used 0K [0x237f0000, 0x28d40000, 0x28d40000)
  eden space 69952K,   0% used [0x237f0000, 0x237f0000, 0x27c40000)
  from space 8704K,   0% used [0x27c40000, 0x27c40000, 0x284c0000)
  to   space 8704K,   0% used [0x284c0000, 0x284c0000, 0x28d40000)
 tenured generation   total 174784K, used 147980K [0x28d40000, 0x337f0000, 0x337f0000)
   the space 174784K,  84% used [0x28d40000, 0x31dc32c8, 0x31dc3400, 0x337f0000)
 compacting perm gen  total 12288K, used 1100K [0x337f0000, 0x343f0000, 0x377f0000)
   the space 12288K,   8% used [0x337f0000, 0x339032e0, 0x33903400, 0x343f0000)
    ro space 10240K,  42% used [0x377f0000, 0x37c2e580, 0x37c2e600, 0x381f0000)
    rw space 12288K,  54% used [0x381f0000, 0x3886f128, 0x3886f200, 0x38df0000)
}

Deoptimization events (0 events):
No events

Internal exceptions (10 events):
Event: 3.106 Thread 0x014db000 Threw 0x23fc4b00 at C:\jdk7u5_32P\jdk7u5\hotspot\src\share\vm\prims\jvm.cpp:1166
Event: 10.900 Thread 0x014db000 Threw 0x24fa19a8 at C:\jdk7u5_32P\jdk7u5\hotspot\src\share\vm\prims\jvm.cpp:1166
Event: 10.901 Thread 0x014db000 Threw 0x24fa7988 at C:\jdk7u5_32P\jdk7u5\hotspot\src\share\vm\prims\jvm.cpp:1166
Event: 10.902 Thread 0x014db000 Threw 0x24fac670 at C:\jdk7u5_32P\jdk7u5\hotspot\src\share\vm\prims\jvm.cpp:1166
Event: 10.903 Thread 0x014db000 Threw 0x24fb2e10 at C:\jdk7u5_32P\jdk7u5\hotspot\src\share\vm\prims\jvm.cpp:1166
Event: 10.905 Thread 0x014db000 Threw 0x24fd61c0 at C:\jdk7u5_32P\jdk7u5\hotspot\src\share\vm\prims\jvm.cpp:1166
Event: 10.906 Thread 0x014db000 Threw 0x24fd9230 at C:\jdk7u5_32P\jdk7u5\hotspot\src\share\vm\prims\jvm.cpp:1166
Event: 10.975 Thread 0x014db000 Threw 0x26273e40 at C:\jdk7u5_32P\jdk7u5\hotspot\src\share\vm\prims\jvm.cpp:1166
Event: 11.000 Thread 0x014db000 Threw 0x262758e0 at C:\jdk7u5_32P\jdk7u5\hotspot\src\share\vm\prims\jvm.cpp:1166
Event: 11.002 Thread 0x014db000 Threw 0x26280db8 at C:\jdk7u5_32P\jdk7u5\hotspot\src\share\vm\prims\jvm.cpp:1166

Events (10 events):
Event: 10.905 loading class 0x07b21f10
Event: 10.905 loading class 0x07b21f10 done
Event: 10.905 loading class 0x0a23f638
Event: 10.906 loading class 0x0a23f638 done
Event: 10.974 loading class 0x01a78f40
Event: 10.974 loading class 0x01a78f40 done
Event: 11.000 loading class 0x03f6c218
Event: 11.000 loading class 0x03f6c218 done
Event: 11.002 loading class 0x01a8b110
Event: 11.002 loading class 0x01a8b110 done


Dynamic libraries:
0x01320000 - 0x0134f000 	C:\Program Files\Java\jre7\bin\javaw.exe
0x778e0000 - 0x77a1c000 	C:\windows\SYSTEM32\ntdll.dll
0x75d50000 - 0x75e24000 	C:\windows\system32\kernel32.dll
0x75c30000 - 0x75c7a000 	C:\windows\system32\KERNELBASE.dll
0x73e20000 - 0x73e95000 	C:\Program Files\Bitdefender\Bitdefender 2012\Active Virus Control\Avc3_00152_011\avcuf32.dll
0x76b20000 - 0x76bc0000 	C:\windows\system32\ADVAPI32.dll
0x77a20000 - 0x77acc000 	C:\windows\system32\msvcrt.dll
0x76410000 - 0x76429000 	C:\windows\SYSTEM32\sechost.dll
0x764a0000 - 0x76541000 	C:\windows\system32\RPCRT4.dll
0x76020000 - 0x760e9000 	C:\windows\system32\USER32.dll
0x766f0000 - 0x7673e000 	C:\windows\system32\GDI32.dll
0x76b10000 - 0x76b1a000 	C:\windows\system32\LPK.dll
0x75f80000 - 0x7601d000 	C:\windows\system32\USP10.dll
0x002d0000 - 0x0046e000 	C:\windows\WinSxS\x86_microsoft.windows.common-controls_6595b64144ccf1df_6.0.7601.17514_none_41e6975e2bd6f2b2\COMCTL32.dll
0x76950000 - 0x769a7000 	C:\windows\system32\SHLWAPI.dll
0x75d30000 - 0x75d4f000 	C:\windows\system32\IMM32.DLL
0x76bc0000 - 0x76c8c000 	C:\windows\system32\MSCTF.dll
0x652a0000 - 0x6535e000 	C:\Program Files\Java\jre7\bin\msvcr100.dll
0x5f430000 - 0x5f77a000 	C:\Program Files\Java\jre7\bin\client\jvm.dll
0x6c260000 - 0x6c267000 	C:\windows\system32\WSOCK32.dll
0x77ad0000 - 0x77b05000 	C:\windows\system32\WS2_32.dll
0x76490000 - 0x76496000 	C:\windows\system32\NSI.dll
0x00470000 - 0x004a2000 	C:\windows\system32\WINMM.dll
0x76940000 - 0x76945000 	C:\windows\system32\PSAPI.DLL
0x6eb10000 - 0x6eb1c000 	C:\Program Files\Java\jre7\bin\verify.dll
0x6c6d0000 - 0x6c6f0000 	C:\Program Files\Java\jre7\bin\java.dll
0x6e460000 - 0x6e473000 	C:\Program Files\Java\jre7\bin\zip.dll
0x10000000 - 0x10072000 	D:\Studium\CG\LWJGL\native\windows\lwjgl.dll
0x67100000 - 0x671c8000 	C:\windows\system32\OPENGL32.dll
0x6c4e0000 - 0x6c502000 	C:\windows\system32\GLU32.dll
0x648f0000 - 0x649d7000 	C:\windows\system32\DDRAW.dll
0x6d720000 - 0x6d726000 	C:\windows\system32\DCIMAN32.dll
0x760f0000 - 0x7628d000 	C:\windows\system32\SETUPAPI.dll
0x75ae0000 - 0x75b07000 	C:\windows\system32\CFGMGR32.dll
0x76550000 - 0x765df000 	C:\windows\system32\OLEAUT32.dll
0x769b0000 - 0x76b0c000 	C:\windows\system32\ole32.dll
0x75c80000 - 0x75c92000 	C:\windows\system32\DEVOBJ.dll
0x73900000 - 0x73913000 	C:\windows\system32\dwmapi.dll
0x001c0000 - 0x001c9000 	C:\windows\system32\VERSION.dll
0x73ea0000 - 0x73ee0000 	C:\windows\system32\uxtheme.dll
0x6d710000 - 0x6d717000 	C:\windows\system32\atiglpxx.dll
0x69030000 - 0x6a380000 	C:\windows\system32\atioglxx.dll
0x6e2d0000 - 0x6e3b4000 	C:\windows\system32\aticfx32.dll
0x71e50000 - 0x71eb1000 	C:\windows\system32\atiadlxx.dll
0x76c90000 - 0x778da000 	C:\windows\system32\SHELL32.dll
0x75090000 - 0x750a7000 	C:\windows\system32\USERENV.dll
0x75a30000 - 0x75a3b000 	C:\windows\system32\profapi.dll
0x75000000 - 0x7500d000 	C:\windows\system32\WTSAPI32.dll
0x75ab0000 - 0x75add000 	C:\windows\system32\WINTRUST.dll
0x75b10000 - 0x75c2e000 	C:\windows\system32\CRYPT32.dll
0x75aa0000 - 0x75aac000 	C:\windows\system32\MSASN1.dll
0x6c6f0000 - 0x6c6fb000 	C:\windows\system32\atigktxx.dll
0x759b0000 - 0x759bc000 	C:\windows\system32\CRYPTBASE.dll
0x765e0000 - 0x76663000 	C:\windows\system32\CLBCatQ.DLL
0x66020000 - 0x66099000 	C:\windows\system32\mscms.dll
0x67080000 - 0x670b8000 	C:\windows\system32\icm32.dll
0x6d7b0000 - 0x6d89b000 	C:\windows\system32\dbghelp.dll

VM Arguments:
jvm_args: -Djava.library.path=D:\Studium\CG\LWJGL\native\windows;D:\Studium\CG\LWJGL\native\windows -Dfile.encoding=Cp1252 
java_command: main.MainTest
Launcher Type: SUN_STANDARD

Environment Variables:
PATH=C:/Program Files/Java/jre7/bin/client;C:/Program Files/Java/jre7/bin;C:/Program Files/Java/jre7/lib/i386;C:\Program Files\AMD APP\bin\x86;C:\windows\system32;C:\windows;C:\windows\System32\Wbem;C:\windows\System32\WindowsPowerShell\v1.0\;C:\Program Files\ATI Technologies\ATI.ACE\Core-Static;C:\Program Files\Java\jdk1.7.0_04\bin\;C:\Program Files\Calibre2\;D:\Studium\IDEs\eclipse;
USERNAME=Christoph
OS=Windows_NT
PROCESSOR_IDENTIFIER=x86 Family 6 Model 23 Stepping 10, GenuineIntel



---------------  S Y S T E M  ---------------

OS: Windows 7 Build 7601 Service Pack 1

CPU:total 2 (2 cores per cpu, 1 threads per core) family 6 model 23 stepping 10, cmov, cx8, fxsr, mmx, sse, sse2, sse3, ssse3, sse4.1, tsc

Memory: 4k page, physical 3109488k(1498776k free), swap 6215112k(3710044k free)

vm_info: Java HotSpot(TM) Client VM (23.1-b03) for windows-x86 JRE (1.7.0_05-b06), built on Jun 27 2012 00:51:27 by "java_re" with unknown MS VC++:1600

time: Wed Aug 15 13:42:35 2012
elapsed time: 11 seconds

