#
# A fatal error has been detected by the Java Runtime Environment:
#
#  EXCEPTION_ACCESS_VIOLATION (0xc0000005) at pc=0x6976a55a, pid=5748, tid=2336
#
# JRE version: 7.0_04-b20
# Java VM: Java HotSpot(TM) Client VM (23.0-b21 mixed mode windows-x86 )
# Problematic frame:
# C  0x6976a55a
#
# Failed to write core dump. Minidumps are not enabled by default on client versions of Windows
#
# If you would like to submit a bug report, please visit:
#   http://bugreport.sun.com/bugreport/crash.jsp
# The crash happened outside the Java Virtual Machine in native code.
# See problematic frame for where to report the bug.
#

---------------  T H R E A D  ---------------

Current thread (0x016dac00):  JavaThread "main" [_thread_in_native, id=2336, stack(0x016f0000,0x01740000)]

siginfo: ExceptionCode=0xc0000005, writing address 0x00000028

Registers:
EAX=0x00000000, EBX=0x4c0c2af0, ECX=0x00000000, EDX=0x00000000
ESP=0x0173f7e8, EBP=0x0173f80c, ESI=0x4c0c2af0, EDI=0x7748d408
EIP=0x6976a55a, EFLAGS=0x00010246

Top of Stack: (sp=0x0173f7e8)
0x0173f7e8:   4c0c28f0 4c0c2af0 00000000 00000000
0x0173f7f8:   0173f810 699462f5 000000b0 7748d408
0x0173f808:   4c0c2af0 0173f82c 6976162e 4c0c2af0
0x0173f818:   4c0c28f0 00000000 00000000 6a222b00
0x0173f828:   00000000 0173f848 690fc5fb 4c1aedb8
0x0173f838:   00000000 0001ca55 6a222b00 0001ca55
0x0173f848:   0173f85c 6915b164 4a3ead90 016dac00
0x0173f858:   0173f890 0173f8a8 017eb4ee 00008892 

Instructions: (pc=0x6976a55a)
0x6976a53a:   1d 00 8b 4d 10 8b 55 14 85 d2 75 09 c7 43 08 6c
0x6976a54a:   d6 1f 6a eb 06 89 53 08 ff 42 0c 8b c2 89 53 10
0x6976a55a:   ff 40 28 83 f9 07 75 5f 8b 46 64 83 78 48 00 74
0x6976a56a:   56 8b 50 48 8b 02 8b 4e 04 89 44 24 10 8b 11 8b 


Register to memory mapping:

EAX=0x00000000 is an unknown value
EBX=0x4c0c2af0 is an unknown value
ECX=0x00000000 is an unknown value
EDX=0x00000000 is an unknown value
ESP=0x0173f7e8 is pointing into the stack for thread: 0x016dac00
EBP=0x0173f80c is pointing into the stack for thread: 0x016dac00
ESI=0x4c0c2af0 is an unknown value
EDI=0x7748d408 is an unknown value


Stack: [0x016f0000,0x01740000],  sp=0x0173f7e8,  free space=317k
Native frames: (J=compiled Java code, j=interpreted, Vv=VM code, C=native code)
C  0x6976a55a
C  0x6976162e
C  0x690fc5fb
C  0x6915b164
C  0x017eb4ee
J  util.Geometry.construct()V
j  main.TerrainMain.main([Ljava/lang/String;)V+76
v  ~StubRoutines::call_stub
C  0x721e96da
C  0x7229837e
C  0x721e975d
C  0x7216e214
C  0x721785a7
C  0x00111fea
C  0x0011a0eb
C  0x0011a175
C  0x75a0ed6c
C  0x772b377b
C  0x772b374e

Java frames: (J=compiled Java code, j=interpreted, Vv=VM code)
J  org.lwjgl.opengl.GL15.nglBindBuffer(IIJ)V
J  util.Geometry.construct()V
J  util.Geometry.draw()V
J  terrain.ClipMap.createClip()V
j  main.TerrainMain.render()V+124
j  main.TerrainMain.main([Ljava/lang/String;)V+76
v  ~StubRoutines::call_stub

---------------  P R O C E S S  ---------------

Java Threads: ( => current thread )
  0x49bd6c00 JavaThread "Service Thread" daemon [_thread_blocked, id=4628, stack(0x49fe0000,0x4a030000)]
  0x49bc9800 JavaThread "C1 CompilerThread0" daemon [_thread_blocked, id=4560, stack(0x49e00000,0x49e50000)]
  0x49bc8400 JavaThread "Attach Listener" daemon [_thread_blocked, id=5132, stack(0x49e80000,0x49ed0000)]
  0x49bc5000 JavaThread "Signal Dispatcher" daemon [_thread_blocked, id=4052, stack(0x01790000,0x017e0000)]
  0x49b73800 JavaThread "Finalizer" daemon [_thread_blocked, id=6016, stack(0x49a40000,0x49a90000)]
  0x0168cc00 JavaThread "Reference Handler" daemon [_thread_blocked, id=5620, stack(0x49ac0000,0x49b10000)]
=>0x016dac00 JavaThread "main" [_thread_in_native, id=2336, stack(0x016f0000,0x01740000)]

Other Threads:
  0x01687c00 VMThread [stack: 0x49b20000,0x49b70000] [id=2152]
  0x49bf2000 WatcherThread [stack: 0x49ed0000,0x49f20000] [id=4108]

VM state:not at safepoint (normal execution)

VM Mutex/Monitor currently owned by a thread: None

Heap
 def new generation   total 153600K, used 99359K [0x038b0000, 0x0df50000, 0x18e00000)
  eden space 136576K,  72% used [0x038b0000, 0x099b7c30, 0x0be10000)
  from space 17024K,   0% used [0x0be10000, 0x0be10000, 0x0ceb0000)
  to   space 17024K,   0% used [0x0ceb0000, 0x0ceb0000, 0x0df50000)
 tenured generation   total 341376K, used 0K [0x18e00000, 0x2db60000, 0x438b0000)
   the space 341376K,   0% used [0x18e00000, 0x18e00000, 0x18e00200, 0x2db60000)
 compacting perm gen  total 12288K, used 3280K [0x438b0000, 0x444b0000, 0x478b0000)
   the space 12288K,  26% used [0x438b0000, 0x43be4100, 0x43be4200, 0x444b0000)
No shared spaces configured.

Code Cache  [0x018b0000, 0x019c0000, 0x038b0000)
 total_blobs=609 nmethods=350 adapters=195 free_code_cache=31693Kb largest_free_block=32453760

Compilation events (10 events):
Event: 26.395 Thread 0x49bc9800  346             org.lwjgl.WindowsSysImplementation::getTimerResolution (4 bytes)
Event: 26.395 Thread 0x49bc9800 nmethod 346 0x019bc0c8 code [0x019bc1c0, 0x019bc240]
Event: 26.773 Thread 0x49bc9800  347             org.lwjgl.opengl.WindowsDisplayPeerInfo::doLockAndInitHandle (1 bytes)
Event: 26.773 Thread 0x49bc9800 nmethod 347 0x019bc288 code [0x019bc380, 0x019bc400]
Event: 26.773 Thread 0x49bc9800  348             org.lwjgl.opengl.WindowsDisplayPeerInfo::doUnlock (1 bytes)
Event: 26.773 Thread 0x49bc9800 nmethod 348 0x019bc448 code [0x019bc540, 0x019bc5c0]
Event: 39.064 Thread 0x49bc9800  349             java.nio.Buffer::nextPutIndex (38 bytes)
Event: 39.064 Thread 0x49bc9800 nmethod 349 0x019bc608 code [0x019bc710, 0x019bc81c]
Event: 39.080 Thread 0x49bc9800  350             java.nio.Buffer::nextGetIndex (38 bytes)
Event: 39.081 Thread 0x49bc9800 nmethod 350 0x019bc8c8 code [0x019bc9d0, 0x019bcadc]

GC Heap History (0 events):
No events

Deoptimization events (0 events):
No events

Internal exceptions (10 events):
Event: 1.312 Thread 0x016dac00 Threw 0x03ce6b00 at C:\jdk7u2_32P\jdk7u4\hotspot\src\share\vm\prims\jvm.cpp:1166
Event: 1.436 Thread 0x016dac00 Threw 0x03d12140 at C:\jdk7u2_32P\jdk7u4\hotspot\src\share\vm\prims\jvm.cpp:1166
Event: 1.440 Thread 0x016dac00 Threw 0x03d158e0 at C:\jdk7u2_32P\jdk7u4\hotspot\src\share\vm\prims\jvm.cpp:1166
Event: 1.441 Thread 0x016dac00 Threw 0x03d18968 at C:\jdk7u2_32P\jdk7u4\hotspot\src\share\vm\prims\jvm.cpp:1166
Event: 1.442 Thread 0x016dac00 Threw 0x03d1aef8 at C:\jdk7u2_32P\jdk7u4\hotspot\src\share\vm\prims\jvm.cpp:1166
Event: 1.444 Thread 0x016dac00 Threw 0x03d1dee0 at C:\jdk7u2_32P\jdk7u4\hotspot\src\share\vm\prims\jvm.cpp:1166
Event: 1.445 Thread 0x016dac00 Threw 0x03d1f6c0 at C:\jdk7u2_32P\jdk7u4\hotspot\src\share\vm\prims\jvm.cpp:1166
Event: 1.448 Thread 0x016dac00 Threw 0x03d29f50 at C:\jdk7u2_32P\jdk7u4\hotspot\src\share\vm\prims\jvm.cpp:1166
Event: 1.703 Thread 0x016dac00 Threw 0x03d7e620 at C:\jdk7u2_32P\jdk7u4\hotspot\src\share\vm\prims\jvm.cpp:1166
Event: 5.643 Thread 0x016dac00 Threw 0x044b27a0 at C:\jdk7u2_32P\jdk7u4\hotspot\src\share\vm\prims\jvm.cpp:1166

Events (10 events):
Event: 1.703 loading class 0x49c79cc8
Event: 1.703 loading class 0x49c79cc8 done
Event: 2.454 loading class 0x015c6298
Event: 2.454 loading class 0x015c6298 done
Event: 2.454 loading class 0x0167f880
Event: 2.454 loading class 0x0167f880 done
Event: 4.712 Executing VM operation: EnableBiasedLocking
Event: 4.712 Executing VM operation: EnableBiasedLocking done
Event: 5.643 loading class 0x49c50df0
Event: 5.643 loading class 0x49c50df0 done


Dynamic libraries:

VM Arguments:
jvm_args: -Xms500M -Xmx1G -Djava.library.path=D:\Studium\CG\LWJGL\native\windows;D:\Studium\CG\LWJGL\native\windows -Dfile.encoding=Cp1252 
java_command: main.TerrainMain
Launcher Type: SUN_STANDARD

Environment Variables:
PATH=C:/Program Files/Java/jre7/bin/client;C:/Program Files/Java/jre7/bin;C:/Program Files/Java/jre7/lib/i386;C:\Program Files\AMD APP\bin\x86;C:\windows\system32;C:\windows;C:\windows\System32\Wbem;C:\windows\System32\WindowsPowerShell\v1.0\;C:\Program Files\ATI Technologies\ATI.ACE\Core-Static;C:\Program Files\Java\jdk1.7.0_04\bin\;D:\Studium\IDEs\eclipse;
USERNAME=Christoph
OS=Windows_NT
PROCESSOR_IDENTIFIER=x86 Family 6 Model 23 Stepping 10, GenuineIntel



---------------  S Y S T E M  ---------------

OS: Windows 7 Build 7601 Service Pack 1

CPU:total 2 (2 cores per cpu, 1 threads per core) family 6 model 23 stepping 10, cmov, cx8, fxsr, mmx, sse, sse2, sse3, ssse3, sse4.1, tsc

Memory: 4k page, physical 3109488k(847668k free), swap 6215112k(2549780k free)

vm_info: Java HotSpot(TM) Client VM (23.0-b21) for windows-x86 JRE (1.7.0_04-b20), built on Apr 12 2012 03:26:46 by "java_re" with unknown MS VC++:1600

time: Wed Aug 01 11:56:26 2012
elapsed time: 76 seconds

